2022/05/14 13:12:26 {"callers":["F:/Workspace/Go/src/Simple_TikTok/main.go: 24 main.init.0"],"level":"error","message":"svc.Login err: Error 1146: Table 'douyin.douyin_user' doesn't exist","time":1652505146583342400}
2022/05/14 14:18:09 {"callers":["F:/Workspace/Go/src/Simple_TikTok/main.go: 24 main.init.0"],"level":"error","message":"用户名/密码错误","time":1652509089508129600}
2022/05/14 14:19:07 {"callers":["F:/Workspace/Go/src/Simple_TikTok/main.go: 24 main.init.0"],"level":"error","message":"svc.Login err: sql: Scan error on column index 5, name \"created_at\": unsupported Scan, storing driver.Value type []uint8 into type *time.Time","time":1652509147082343200}
2022/05/14 14:19:31 {"callers":["F:/Workspace/Go/src/Simple_TikTok/main.go: 24 main.init.0"],"level":"error","message":"svc.Login err: sql: Scan error on column index 5, name \"created_at\": unsupported Scan, storing driver.Value type []uint8 into type *time.Time","time":1652509171479659100}
2022/05/14 14:21:08 {"callers":["F:/Workspace/Go/src/Simple_TikTok/main.go: 24 main.init.0"],"level":"error","message":"svc.Login err: sql: Scan error on column index 5, name \"created_at\": unsupported Scan, storing driver.Value type []uint8 into type *time.Time","time":1652509268514760200}
2022/05/14 14:22:07 {"callers":["F:/Workspace/Go/src/Simple_TikTok/main.go: 24 main.init.0"],"level":"error","message":"svc.Login err: sql: Scan error on column index 5, name \"created_at\": unsupported Scan, storing driver.Value type int64 into type *time.Time","time":1652509327372108000}
2022/05/14 14:57:06 {"callers":["F:/Workspace/Go/src/Simple_TikTok/main.go: 24 main.init.0"],"level":"error","message":"svc.GetUserById err: Error 1054: Unknown column 'user_id' in 'where clause'","time":1652511426680762800}
2022/05/14 14:57:16 {"callers":["F:/Workspace/Go/src/Simple_TikTok/main.go: 24 main.init.0"],"level":"error","message":"svc.GetUserById err: Error 1054: Unknown column 'user_id' in 'where clause'","time":1652511436658838600}
2022/05/16 19:25:06 {"callers":["F:/Workspace/Go/src/sbyter-man/main.go: 24 main.init.0"],"level":"error","message":"svc.Login err: Error 1062: Duplicate entry '17855325708' for key 'douyin_user.douyin_user_UN'","time":1652700306333873500}
2022/05/16 19:50:35 {"callers":["F:/Workspace/Go/src/sbyter-man/main.go: 24 main.init.0"],"level":"error","message":"app.BindAndValid errs: Key: 'GetUserInfoRequest.UserId' Error:Field validation for 'UserId' failed on the 'required' tag,Key: 'GetUserInfoRequest.Token' Error:Field validation for 'Token' failed on the 'required' tag","time":1652701835643494800}
2022/05/16 19:50:35 {"callers":["F:/Workspace/Go/src/sbyter-man/main.go: 24 main.init.0"],"level":"error","message":"app.BindAndCheckToken errs: 错误码：10000001, 错误信息：入参错误","time":1652701835643494800}
2022/05/16 19:54:03 {"callers":["F:/Workspace/Go/src/sbyter-man/main.go: 24 main.init.0"],"level":"error","message":"app.BindAndValid errs: Key: 'GetUserInfoRequest.UserId' Error:Field validation for 'UserId' failed on the 'required' tag,Key: 'GetUserInfoRequest.Token' Error:Field validation for 'Token' failed on the 'required' tag","time":1652702043446941200}
2022/05/16 19:54:03 {"callers":["F:/Workspace/Go/src/sbyter-man/main.go: 24 main.init.0"],"level":"error","message":"app.BindAndCheckToken errs: 错误码：10000001, 错误信息：入参错误","time":1652702043464276600}
2022/05/16 19:55:08 {"callers":["F:/Workspace/Go/src/sbyter-man/main.go: 24 main.init.0"],"level":"error","message":"app.BindAndValid errs: Key: 'GetUserInfoRequest.UserId' Error:Field validation for 'UserId' failed on the 'required' tag,Key: 'GetUserInfoRequest.Token' Error:Field validation for 'Token' failed on the 'required' tag","time":1652702108692221100}
2022/05/16 19:55:08 {"callers":["F:/Workspace/Go/src/sbyter-man/main.go: 24 main.init.0"],"level":"error","message":"app.BindAndCheckToken errs: 错误码：10000001, 错误信息：入参错误","time":1652702108712478900}
2022/05/16 19:55:36 {"callers":["F:/Workspace/Go/src/sbyter-man/main.go: 24 main.init.0"],"level":"error","message":"app.BindAndValid errs: Key: 'GetUserInfoRequest.UserId' Error:Field validation for 'UserId' failed on the 'required' tag,Key: 'GetUserInfoRequest.Token' Error:Field validation for 'Token' failed on the 'required' tag","time":1652702136432607800}
2022/05/16 19:55:36 {"callers":["F:/Workspace/Go/src/sbyter-man/main.go: 24 main.init.0"],"level":"error","message":"app.BindAndCheckToken errs: 错误码：10000001, 错误信息：入参错误","time":1652702136452356200}
2022/05/16 19:55:41 {"callers":["F:/Workspace/Go/src/sbyter-man/main.go: 24 main.init.0"],"level":"error","message":"app.BindAndValid errs: Key: 'GetUserInfoRequest.UserId' Error:Field validation for 'UserId' failed on the 'required' tag,Key: 'GetUserInfoRequest.Token' Error:Field validation for 'Token' failed on the 'required' tag","time":1652702141060486400}
2022/05/16 19:55:41 {"callers":["F:/Workspace/Go/src/sbyter-man/main.go: 24 main.init.0"],"level":"error","message":"app.BindAndCheckToken errs: 错误码：10000001, 错误信息：入参错误","time":1652702141060486400}
2022/05/16 19:56:05 {"callers":["F:/Workspace/Go/src/sbyter-man/main.go: 24 main.init.0"],"level":"error","message":"app.BindAndValid errs: Key: 'GetUserInfoRequest.UserId' Error:Field validation for 'UserId' failed on the 'required' tag,Key: 'GetUserInfoRequest.Token' Error:Field validation for 'Token' failed on the 'required' tag","time":1652702165445619200}
2022/05/16 19:56:05 {"callers":["F:/Workspace/Go/src/sbyter-man/main.go: 24 main.init.0"],"level":"error","message":"app.BindAndCheckToken errs: 错误码：10000001, 错误信息：入参错误","time":1652702165461073600}
2022/05/16 19:56:10 {"callers":["F:/Workspace/Go/src/sbyter-man/main.go: 24 main.init.0"],"level":"error","message":"app.BindAndValid errs: Key: 'GetUserInfoRequest.UserId' Error:Field validation for 'UserId' failed on the 'required' tag,Key: 'GetUserInfoRequest.Token' Error:Field validation for 'Token' failed on the 'required' tag","time":1652702170882284000}
2022/05/16 19:56:10 {"callers":["F:/Workspace/Go/src/sbyter-man/main.go: 24 main.init.0"],"level":"error","message":"app.BindAndCheckToken errs: 错误码：10000001, 错误信息：入参错误","time":1652702170882551200}
2022/05/16 19:56:11 {"callers":["F:/Workspace/Go/src/sbyter-man/main.go: 24 main.init.0"],"level":"error","message":"app.BindAndValid errs: Key: 'GetUserInfoRequest.UserId' Error:Field validation for 'UserId' failed on the 'required' tag,Key: 'GetUserInfoRequest.Token' Error:Field validation for 'Token' failed on the 'required' tag","time":1652702171970932400}
2022/05/16 19:56:11 {"callers":["F:/Workspace/Go/src/sbyter-man/main.go: 24 main.init.0"],"level":"error","message":"app.BindAndCheckToken errs: 错误码：10000001, 错误信息：入参错误","time":1652702171971133000}
2022/05/16 19:56:12 {"callers":["F:/Workspace/Go/src/sbyter-man/main.go: 24 main.init.0"],"level":"error","message":"app.BindAndValid errs: Key: 'GetUserInfoRequest.UserId' Error:Field validation for 'UserId' failed on the 'required' tag,Key: 'GetUserInfoRequest.Token' Error:Field validation for 'Token' failed on the 'required' tag","time":1652702172772502000}
2022/05/16 19:56:12 {"callers":["F:/Workspace/Go/src/sbyter-man/main.go: 24 main.init.0"],"level":"error","message":"app.BindAndCheckToken errs: 错误码：10000001, 错误信息：入参错误","time":1652702172773009100}
2022/05/16 19:56:13 {"callers":["F:/Workspace/Go/src/sbyter-man/main.go: 24 main.init.0"],"level":"error","message":"app.BindAndValid errs: Key: 'GetUserInfoRequest.UserId' Error:Field validation for 'UserId' failed on the 'required' tag,Key: 'GetUserInfoRequest.Token' Error:Field validation for 'Token' failed on the 'required' tag","time":1652702173454659900}
2022/05/16 19:56:13 {"callers":["F:/Workspace/Go/src/sbyter-man/main.go: 24 main.init.0"],"level":"error","message":"app.BindAndCheckToken errs: 错误码：10000001, 错误信息：入参错误","time":1652702173455249900}
2022/05/16 19:56:14 {"callers":["F:/Workspace/Go/src/sbyter-man/main.go: 24 main.init.0"],"level":"error","message":"app.BindAndValid errs: Key: 'GetUserInfoRequest.UserId' Error:Field validation for 'UserId' failed on the 'required' tag,Key: 'GetUserInfoRequest.Token' Error:Field validation for 'Token' failed on the 'required' tag","time":1652702174192453100}
2022/05/16 19:56:14 {"callers":["F:/Workspace/Go/src/sbyter-man/main.go: 24 main.init.0"],"level":"error","message":"app.BindAndCheckToken errs: 错误码：10000001, 错误信息：入参错误","time":1652702174193549200}
2022/05/16 19:56:14 {"callers":["F:/Workspace/Go/src/sbyter-man/main.go: 24 main.init.0"],"level":"error","message":"app.BindAndValid errs: Key: 'GetUserInfoRequest.Token' Error:Field validation for 'Token' failed on the 'required' tag,Key: 'GetUserInfoRequest.UserId' Error:Field validation for 'UserId' failed on the 'required' tag","time":1652702174972725300}
2022/05/16 19:56:14 {"callers":["F:/Workspace/Go/src/sbyter-man/main.go: 24 main.init.0"],"level":"error","message":"app.BindAndCheckToken errs: 错误码：10000001, 错误信息：入参错误","time":1652702174973556500}
2022/05/16 19:57:12 {"callers":["F:/Workspace/Go/src/sbyter-man/main.go: 24 main.init.0"],"level":"error","message":"app.BindAndValid errs: Key: 'GetUserInfoRequest.UserId' Error:Field validation for 'UserId' failed on the 'required' tag,Key: 'GetUserInfoRequest.Token' Error:Field validation for 'Token' failed on the 'required' tag","time":1652702232835586000}
2022/05/16 19:57:12 {"callers":["F:/Workspace/Go/src/sbyter-man/main.go: 24 main.init.0"],"level":"error","message":"app.BindAndCheckToken errs: 错误码：10000001, 错误信息：入参错误","time":1652702232853919400}
2022/05/16 19:57:17 {"callers":["F:/Workspace/Go/src/sbyter-man/main.go: 24 main.init.0"],"level":"error","message":"app.BindAndValid errs: Key: 'GetUserInfoRequest.Token' Error:Field validation for 'Token' failed on the 'required' tag,Key: 'GetUserInfoRequest.UserId' Error:Field validation for 'UserId' failed on the 'required' tag","time":1652702237319618000}
2022/05/16 19:57:17 {"callers":["F:/Workspace/Go/src/sbyter-man/main.go: 24 main.init.0"],"level":"error","message":"app.BindAndCheckToken errs: 错误码：10000001, 错误信息：入参错误","time":1652702237320173000}
2022/05/16 19:57:18 {"callers":["F:/Workspace/Go/src/sbyter-man/main.go: 24 main.init.0"],"level":"error","message":"app.BindAndValid errs: Key: 'GetUserInfoRequest.UserId' Error:Field validation for 'UserId' failed on the 'required' tag,Key: 'GetUserInfoRequest.Token' Error:Field validation for 'Token' failed on the 'required' tag","time":1652702238241824600}
2022/05/16 19:57:18 {"callers":["F:/Workspace/Go/src/sbyter-man/main.go: 24 main.init.0"],"level":"error","message":"app.BindAndCheckToken errs: 错误码：10000001, 错误信息：入参错误","time":1652702238242692000}
2022/05/16 19:57:18 {"callers":["F:/Workspace/Go/src/sbyter-man/main.go: 24 main.init.0"],"level":"error","message":"app.BindAndValid errs: Key: 'GetUserInfoRequest.UserId' Error:Field validation for 'UserId' failed on the 'required' tag,Key: 'GetUserInfoRequest.Token' Error:Field validation for 'Token' failed on the 'required' tag","time":1652702238910906700}
2022/05/16 19:57:18 {"callers":["F:/Workspace/Go/src/sbyter-man/main.go: 24 main.init.0"],"level":"error","message":"app.BindAndCheckToken errs: 错误码：10000001, 错误信息：入参错误","time":1652702238911758100}
2022/05/16 19:57:19 {"callers":["F:/Workspace/Go/src/sbyter-man/main.go: 24 main.init.0"],"level":"error","message":"app.BindAndValid errs: Key: 'GetUserInfoRequest.UserId' Error:Field validation for 'UserId' failed on the 'required' tag,Key: 'GetUserInfoRequest.Token' Error:Field validation for 'Token' failed on the 'required' tag","time":1652702239569385700}
2022/05/16 19:57:19 {"callers":["F:/Workspace/Go/src/sbyter-man/main.go: 24 main.init.0"],"level":"error","message":"app.BindAndCheckToken errs: 错误码：10000001, 错误信息：入参错误","time":1652702239569775500}
2022/05/16 19:57:30 {"callers":["F:/Workspace/Go/src/sbyter-man/main.go: 24 main.init.0"],"level":"error","message":"svc.Login err: Error 1062: Duplicate entry '17855325708' for key 'douyin_user.douyin_user_UN'","time":1652702250551459900}
2022/05/16 19:57:52 {"callers":["F:/Workspace/Go/src/sbyter-man/main.go: 24 main.init.0"],"level":"error","message":"svc.Login err: Error 1062: Duplicate entry '17855325708' for key 'douyin_user.douyin_user_UN'","time":1652702272298485700}
2022/05/16 19:59:35 {"callers":["F:/Workspace/Go/src/sbyter-man/main.go: 24 main.init.0"],"level":"error","message":"svc.Login err: Error 1062: Duplicate entry '17855325708' for key 'douyin_user.douyin_user_UN'","time":1652702375930735300}
2022/05/16 19:59:50 {"callers":["F:/Workspace/Go/src/sbyter-man/main.go: 24 main.init.0"],"level":"error","message":"svc.Login err: Error 1062: Duplicate entry '17855325708' for key 'douyin_user.douyin_user_UN'","time":1652702390122833100}
2022/05/16 20:00:32 {"callers":["F:/Workspace/Go/src/sbyter-man/main.go: 24 main.init.0"],"level":"error","message":"svc.Login err: Error 1062: Duplicate entry '17855325701' for key 'douyin_user.douyin_user_UN'","time":1652702432155398600}
2022/05/16 20:01:16 {"callers":["F:/Workspace/Go/src/sbyter-man/main.go: 24 main.init.0"],"level":"error","message":"app.BindAndValid errs: Key: 'GetUserInfoRequest.UserId' Error:Field validation for 'UserId' failed on the 'required' tag,Key: 'GetUserInfoRequest.Token' Error:Field validation for 'Token' failed on the 'required' tag","time":1652702476954467100}
2022/05/16 20:01:16 {"callers":["F:/Workspace/Go/src/sbyter-man/main.go: 24 main.init.0"],"level":"error","message":"app.BindAndCheckToken errs: 错误码：10000001, 错误信息：入参错误","time":1652702476954467100}
2022/05/16 20:01:19 {"callers":["F:/Workspace/Go/src/sbyter-man/main.go: 24 main.init.0"],"level":"error","message":"app.BindAndValid errs: Key: 'GetUserInfoRequest.UserId' Error:Field validation for 'UserId' failed on the 'required' tag,Key: 'GetUserInfoRequest.Token' Error:Field validation for 'Token' failed on the 'required' tag","time":1652702479616996100}
2022/05/16 20:01:19 {"callers":["F:/Workspace/Go/src/sbyter-man/main.go: 24 main.init.0"],"level":"error","message":"app.BindAndCheckToken errs: 错误码：10000001, 错误信息：入参错误","time":1652702479626092100}
2022/05/16 20:01:25 {"callers":["F:/Workspace/Go/src/sbyter-man/main.go: 24 main.init.0"],"level":"error","message":"app.BindAndValid errs: Key: 'GetUserInfoRequest.UserId' Error:Field validation for 'UserId' failed on the 'required' tag,Key: 'GetUserInfoRequest.Token' Error:Field validation for 'Token' failed on the 'required' tag","time":1652702485668981600}
2022/05/16 20:01:25 {"callers":["F:/Workspace/Go/src/sbyter-man/main.go: 24 main.init.0"],"level":"error","message":"app.BindAndCheckToken errs: 错误码：10000001, 错误信息：入参错误","time":1652702485668981600}
2022/05/16 20:01:29 {"callers":["F:/Workspace/Go/src/sbyter-man/main.go: 24 main.init.0"],"level":"error","message":"app.BindAndValid errs: Key: 'GetUserInfoRequest.UserId' Error:Field validation for 'UserId' failed on the 'required' tag,Key: 'GetUserInfoRequest.Token' Error:Field validation for 'Token' failed on the 'required' tag","time":1652702489068198700}
2022/05/16 20:01:29 {"callers":["F:/Workspace/Go/src/sbyter-man/main.go: 24 main.init.0"],"level":"error","message":"app.BindAndCheckToken errs: 错误码：10000001, 错误信息：入参错误","time":1652702489068198700}
2022/05/16 20:01:46 {"callers":["F:/Workspace/Go/src/sbyter-man/main.go: 24 main.init.0"],"level":"error","message":"app.BindAndValid errs: Key: 'GetUserInfoRequest.UserId' Error:Field validation for 'UserId' failed on the 'required' tag,Key: 'GetUserInfoRequest.Token' Error:Field validation for 'Token' failed on the 'required' tag","time":1652702506333609400}
2022/05/16 20:01:46 {"callers":["F:/Workspace/Go/src/sbyter-man/main.go: 24 main.init.0"],"level":"error","message":"app.BindAndCheckToken errs: 错误码：10000001, 错误信息：入参错误","time":1652702506340404700}
2022/05/16 20:01:50 {"callers":["F:/Workspace/Go/src/sbyter-man/main.go: 24 main.init.0"],"level":"error","message":"app.BindAndValid errs: Key: 'GetUserInfoRequest.UserId' Error:Field validation for 'UserId' failed on the 'required' tag,Key: 'GetUserInfoRequest.Token' Error:Field validation for 'Token' failed on the 'required' tag","time":1652702510797347900}
2022/05/16 20:01:50 {"callers":["F:/Workspace/Go/src/sbyter-man/main.go: 24 main.init.0"],"level":"error","message":"app.BindAndCheckToken errs: 错误码：10000001, 错误信息：入参错误","time":1652702510801327300}
2022/05/16 20:02:13 {"callers":["F:/Workspace/Go/src/sbyter-man/main.go: 24 main.init.0"],"level":"error","message":"app.BindAndValid errs: Key: 'GetUserInfoRequest.UserId' Error:Field validation for 'UserId' failed on the 'required' tag,Key: 'GetUserInfoRequest.Token' Error:Field validation for 'Token' failed on the 'required' tag","time":1652702533642156000}
2022/05/16 20:02:13 {"callers":["F:/Workspace/Go/src/sbyter-man/main.go: 24 main.init.0"],"level":"error","message":"app.BindAndCheckToken errs: 错误码：10000001, 错误信息：入参错误","time":1652702533647626200}
2022/05/16 20:02:14 {"callers":["F:/Workspace/Go/src/sbyter-man/main.go: 24 main.init.0"],"level":"error","message":"app.BindAndValid errs: Key: 'GetUserInfoRequest.UserId' Error:Field validation for 'UserId' failed on the 'required' tag,Key: 'GetUserInfoRequest.Token' Error:Field validation for 'Token' failed on the 'required' tag","time":1652702534872937300}
2022/05/16 20:02:14 {"callers":["F:/Workspace/Go/src/sbyter-man/main.go: 24 main.init.0"],"level":"error","message":"app.BindAndCheckToken errs: 错误码：10000001, 错误信息：入参错误","time":1652702534872937300}
2022/05/16 20:02:15 {"callers":["F:/Workspace/Go/src/sbyter-man/main.go: 24 main.init.0"],"level":"error","message":"app.BindAndValid errs: Key: 'GetUserInfoRequest.UserId' Error:Field validation for 'UserId' failed on the 'required' tag,Key: 'GetUserInfoRequest.Token' Error:Field validation for 'Token' failed on the 'required' tag","time":1652702535879650600}
2022/05/16 20:02:15 {"callers":["F:/Workspace/Go/src/sbyter-man/main.go: 24 main.init.0"],"level":"error","message":"app.BindAndCheckToken errs: 错误码：10000001, 错误信息：入参错误","time":1652702535881228900}
2022/05/16 20:02:16 {"callers":["F:/Workspace/Go/src/sbyter-man/main.go: 24 main.init.0"],"level":"error","message":"app.BindAndValid errs: Key: 'GetUserInfoRequest.UserId' Error:Field validation for 'UserId' failed on the 'required' tag,Key: 'GetUserInfoRequest.Token' Error:Field validation for 'Token' failed on the 'required' tag","time":1652702536610153100}
2022/05/16 20:02:16 {"callers":["F:/Workspace/Go/src/sbyter-man/main.go: 24 main.init.0"],"level":"error","message":"app.BindAndCheckToken errs: 错误码：10000001, 错误信息：入参错误","time":1652702536615883100}
2022/05/16 20:02:35 {"callers":["F:/Workspace/Go/src/sbyter-man/main.go: 24 main.init.0"],"level":"error","message":"app.BindAndValid errs: Key: 'GetUserInfoRequest.UserId' Error:Field validation for 'UserId' failed on the 'required' tag,Key: 'GetUserInfoRequest.Token' Error:Field validation for 'Token' failed on the 'required' tag","time":1652702555692011000}
2022/05/16 20:02:35 {"callers":["F:/Workspace/Go/src/sbyter-man/main.go: 24 main.init.0"],"level":"error","message":"app.BindAndCheckToken errs: 错误码：10000001, 错误信息：入参错误","time":1652702555698333200}
2022/05/16 20:02:46 {"callers":["F:/Workspace/Go/src/sbyter-man/main.go: 24 main.init.0"],"level":"error","message":"app.BindAndValid errs: Key: 'GetUserInfoRequest.UserId' Error:Field validation for 'UserId' failed on the 'required' tag,Key: 'GetUserInfoRequest.Token' Error:Field validation for 'Token' failed on the 'required' tag","time":1652702566727387400}
2022/05/16 20:02:46 {"callers":["F:/Workspace/Go/src/sbyter-man/main.go: 24 main.init.0"],"level":"error","message":"app.BindAndCheckToken errs: 错误码：10000001, 错误信息：入参错误","time":1652702566729639300}
2022/05/16 20:02:48 {"callers":["F:/Workspace/Go/src/sbyter-man/main.go: 24 main.init.0"],"level":"error","message":"app.BindAndValid errs: Key: 'GetUserInfoRequest.UserId' Error:Field validation for 'UserId' failed on the 'required' tag,Key: 'GetUserInfoRequest.Token' Error:Field validation for 'Token' failed on the 'required' tag","time":1652702568307973400}
2022/05/16 20:02:48 {"callers":["F:/Workspace/Go/src/sbyter-man/main.go: 24 main.init.0"],"level":"error","message":"app.BindAndCheckToken errs: 错误码：10000001, 错误信息：入参错误","time":1652702568313695300}
2022/05/16 20:03:18 {"callers":["F:/Workspace/Go/src/sbyter-man/main.go: 24 main.init.0"],"level":"error","message":"app.BindAndValid errs: Key: 'GetUserInfoRequest.UserId' Error:Field validation for 'UserId' failed on the 'required' tag,Key: 'GetUserInfoRequest.Token' Error:Field validation for 'Token' failed on the 'required' tag","time":1652702598930602500}
2022/05/16 20:03:18 {"callers":["F:/Workspace/Go/src/sbyter-man/main.go: 24 main.init.0"],"level":"error","message":"app.BindAndCheckToken errs: 错误码：10000001, 错误信息：入参错误","time":1652702598935580400}
2022/05/16 20:03:29 {"callers":["F:/Workspace/Go/src/sbyter-man/main.go: 24 main.init.0"],"level":"error","message":"app.BindAndValid errs: Key: 'GetUserInfoRequest.UserId' Error:Field validation for 'UserId' failed on the 'required' tag,Key: 'GetUserInfoRequest.Token' Error:Field validation for 'Token' failed on the 'required' tag","time":1652702609762319700}
2022/05/16 20:03:29 {"callers":["F:/Workspace/Go/src/sbyter-man/main.go: 24 main.init.0"],"level":"error","message":"app.BindAndCheckToken errs: 错误码：10000001, 错误信息：入参错误","time":1652702609765384900}
2022/05/16 20:04:04 {"callers":["F:/Workspace/Go/src/sbyter-man/main.go: 24 main.init.0"],"level":"error","message":"app.BindAndValid errs: Key: 'GetUserInfoRequest.UserId' Error:Field validation for 'UserId' failed on the 'required' tag,Key: 'GetUserInfoRequest.Token' Error:Field validation for 'Token' failed on the 'required' tag","time":1652702644042109000}
2022/05/16 20:04:04 {"callers":["F:/Workspace/Go/src/sbyter-man/main.go: 24 main.init.0"],"level":"error","message":"app.BindAndCheckToken errs: 错误码：10000001, 错误信息：入参错误","time":1652702644042109000}
2022/05/16 20:05:10 {"callers":["F:/Workspace/Go/src/sbyter-man/main.go: 24 main.init.0"],"level":"error","message":"app.BindAndValid errs: Key: 'GetUserInfoRequest.UserId' Error:Field validation for 'UserId' failed on the 'required' tag,Key: 'GetUserInfoRequest.Token' Error:Field validation for 'Token' failed on the 'required' tag","time":1652702710394142800}
2022/05/16 20:05:10 {"callers":["F:/Workspace/Go/src/sbyter-man/main.go: 24 main.init.0"],"level":"error","message":"app.BindAndCheckToken errs: 错误码：10000001, 错误信息：入参错误","time":1652702710394650400}
2022/05/16 20:05:53 {"callers":["F:/Workspace/Go/src/sbyter-man/main.go: 24 main.init.0"],"level":"error","message":"app.BindAndValid errs: Key: 'GetUserInfoRequest.UserId' Error:Field validation for 'UserId' failed on the 'required' tag,Key: 'GetUserInfoRequest.Token' Error:Field validation for 'Token' failed on the 'required' tag","time":1652702753295447900}
2022/05/16 20:05:53 {"callers":["F:/Workspace/Go/src/sbyter-man/main.go: 24 main.init.0"],"level":"error","message":"app.BindAndCheckToken errs: 错误码：10000001, 错误信息：入参错误","time":1652702753295954000}
2022/05/16 20:07:12 {"callers":["F:/Workspace/Go/src/sbyter-man/main.go: 24 main.init.0"],"level":"error","message":"app.BindAndValid errs: Key: 'GetUserInfoRequest.UserId' Error:Field validation for 'UserId' failed on the 'required' tag,Key: 'GetUserInfoRequest.Token' Error:Field validation for 'Token' failed on the 'required' tag","time":1652702832140093800}
2022/05/16 20:07:12 {"callers":["F:/Workspace/Go/src/sbyter-man/main.go: 24 main.init.0"],"level":"error","message":"app.BindAndCheckToken errs: 错误码：10000001, 错误信息：入参错误","time":1652702832140768700}
2022/05/16 20:08:12 {"callers":["F:/Workspace/Go/src/sbyter-man/main.go: 24 main.init.0"],"level":"error","message":"app.BindAndValid errs: Key: 'GetUserInfoRequest.UserId' Error:Field validation for 'UserId' failed on the 'required' tag,Key: 'GetUserInfoRequest.Token' Error:Field validation for 'Token' failed on the 'required' tag","time":1652702892647898300}
2022/05/16 20:08:12 {"callers":["F:/Workspace/Go/src/sbyter-man/main.go: 24 main.init.0"],"level":"error","message":"app.BindAndCheckToken errs: 错误码：10000001, 错误信息：入参错误","time":1652702892647958400}
2022/05/16 20:09:13 {"callers":["F:/Workspace/Go/src/sbyter-man/main.go: 24 main.init.0"],"level":"error","message":"app.BindAndValid errs: Key: 'GetUserInfoRequest.UserId' Error:Field validation for 'UserId' failed on the 'required' tag,Key: 'GetUserInfoRequest.Token' Error:Field validation for 'Token' failed on the 'required' tag","time":1652702953492334200}
2022/05/16 20:09:13 {"callers":["F:/Workspace/Go/src/sbyter-man/main.go: 24 main.init.0"],"level":"error","message":"app.BindAndCheckToken errs: 错误码：10000001, 错误信息：入参错误","time":1652702953492868400}
2022/05/16 20:15:07 {"callers":["F:/Workspace/Go/src/sbyter-man/main.go: 24 main.init.0"],"level":"error","message":"app.BindAndValid errs: Key: 'GetUserInfoRequest.UserId' Error:Field validation for 'UserId' failed on the 'required' tag,Key: 'GetUserInfoRequest.Token' Error:Field validation for 'Token' failed on the 'required' tag","time":1652703307005658200}
2022/05/16 20:15:07 {"callers":["F:/Workspace/Go/src/sbyter-man/main.go: 24 main.init.0"],"level":"error","message":"app.BindAndCheckToken errs: 错误码：10000001, 错误信息：入参错误","time":1652703307006260700}
2022/05/16 20:15:32 {"callers":["F:/Workspace/Go/src/sbyter-man/main.go: 24 main.init.0"],"level":"error","message":"app.BindAndValid errs: Key: 'GetUserInfoRequest.UserId' Error:Field validation for 'UserId' failed on the 'required' tag,Key: 'GetUserInfoRequest.Token' Error:Field validation for 'Token' failed on the 'required' tag","time":1652703332406745600}
2022/05/16 20:15:32 {"callers":["F:/Workspace/Go/src/sbyter-man/main.go: 24 main.init.0"],"level":"error","message":"app.BindAndCheckToken errs: 错误码：10000001, 错误信息：入参错误","time":1652703332408117900}
2022/05/16 20:18:27 {"callers":["F:/Workspace/Go/src/sbyter-man/main.go: 24 main.init.0"],"level":"error","message":"CheckToken errs: 错误码：10000001, 错误信息：入参错误","time":1652703507384668000}
2022/05/16 20:18:27 {"callers":["F:/Workspace/Go/src/sbyter-man/main.go: 24 main.init.0"],"level":"error","message":"app.BindAndCheckToken errs: 错误码：10010002, 错误信息：登录过期","time":1652703507385752800}
2022/05/16 20:18:36 {"callers":["F:/Workspace/Go/src/sbyter-man/main.go: 24 main.init.0"],"level":"error","message":"svc.Login err: Error 1062: Duplicate entry '17855325708' for key 'douyin_user.douyin_user_UN'","time":1652703516207141500}
2022/05/16 20:18:39 {"callers":["F:/Workspace/Go/src/sbyter-man/main.go: 24 main.init.0"],"level":"error","message":"svc.Login err: Error 1062: Duplicate entry '17855325708' for key 'douyin_user.douyin_user_UN'","time":1652703519617133800}
2022/05/16 20:18:46 {"callers":["F:/Workspace/Go/src/sbyter-man/main.go: 24 main.init.0"],"level":"error","message":"svc.Login err: Error 1062: Duplicate entry '17855325708' for key 'douyin_user.douyin_user_UN'","time":1652703526474468700}
2022/05/16 20:18:50 {"callers":["F:/Workspace/Go/src/sbyter-man/main.go: 24 main.init.0"],"level":"error","message":"CheckToken errs: 错误码：10000001, 错误信息：入参错误","time":1652703530988329100}
2022/05/16 20:18:50 {"callers":["F:/Workspace/Go/src/sbyter-man/main.go: 24 main.init.0"],"level":"error","message":"app.BindAndCheckToken errs: 错误码：10010002, 错误信息：登录过期","time":1652703530988329100}
2022/05/16 20:18:53 {"callers":["F:/Workspace/Go/src/sbyter-man/main.go: 24 main.init.0"],"level":"error","message":"CheckToken errs: 错误码：10000001, 错误信息：入参错误","time":1652703533839703100}
2022/05/16 20:18:53 {"callers":["F:/Workspace/Go/src/sbyter-man/main.go: 24 main.init.0"],"level":"error","message":"app.BindAndCheckToken errs: 错误码：10010002, 错误信息：登录过期","time":1652703533841654900}
2022/05/16 20:18:57 {"callers":["F:/Workspace/Go/src/sbyter-man/main.go: 24 main.init.0"],"level":"error","message":"CheckToken errs: 错误码：10000001, 错误信息：入参错误","time":1652703537347510400}
2022/05/16 20:18:57 {"callers":["F:/Workspace/Go/src/sbyter-man/main.go: 24 main.init.0"],"level":"error","message":"app.BindAndCheckToken errs: 错误码：10010002, 错误信息：登录过期","time":1652703537348249000}
2022/05/16 20:19:49 {"callers":["F:/Workspace/Go/src/sbyter-man/main.go: 24 main.init.0"],"level":"error","message":"CheckToken errs: 错误码：10000001, 错误信息：入参错误","time":1652703589332715500}
2022/05/16 20:19:49 {"callers":["F:/Workspace/Go/src/sbyter-man/main.go: 24 main.init.0"],"level":"error","message":"app.-BindAndCheckToken errs: 错误码：10010002, 错误信息：登录过期","time":1652703589333887900}
2022/05/16 20:20:31 {"callers":["F:/Workspace/Go/src/sbyter-man/main.go: 24 main.init.0"],"level":"error","message":"CheckToken errs: 错误码：10000001, 错误信息：入参错误","time":1652703631599091300}
2022/05/16 20:20:31 {"callers":["F:/Workspace/Go/src/sbyter-man/main.go: 24 main.init.0"],"level":"error","message":"app.-BindAndCheckToken errs: 错误码：10010002, 错误信息：登录过期","time":1652703631599275400}
2022/05/16 20:20:58 {"callers":["F:/Workspace/Go/src/sbyter-man/main.go: 24 main.init.0"],"level":"error","message":"CheckToken errs: 错误码：10000001, 错误信息：入参错误","time":1652703658759611500}
2022/05/16 20:20:58 {"callers":["F:/Workspace/Go/src/sbyter-man/main.go: 24 main.init.0"],"level":"error","message":"app.-BindAndCheckToken errs: 错误码：10010002, 错误信息：登录过期","time":1652703658759611500}
2022/05/17 21:05:02 {"callers":["F:/goproject/sbyter-man/main.go: 24 main.init.0"],"level":"error","message":"svc.Login err: Error 1146: Table 'simple_ticktok.douyin_user' doesn't exist","time":1652792702628507600}
2022/05/17 21:13:28 {"callers":["F:/goproject/sbyter-man/main.go: 24 main.init.0"],"level":"error","message":"CheckToken errs: 错误码：10000004, 错误信息：鉴权失败，Token错误","time":1652793208701494300}
2022/05/17 21:13:28 {"callers":["F:/goproject/sbyter-man/main.go: 24 main.init.0"],"level":"error","message":"app.ValidToken errs: 错误码：10010002, 错误信息：登录过期","time":1652793208701494300}
2022/05/17 21:13:59 {"callers":["F:/goproject/sbyter-man/main.go: 24 main.init.0"],"level":"error","message":"用户名/密码错误","time":1652793239296858000}
2022/05/17 21:15:04 {"callers":["F:/goproject/sbyter-man/main.go: 24 main.init.0"],"level":"error","message":"用户名/密码错误","time":1652793304934273500}
2022/05/17 21:18:59 {"callers":["F:/goproject/sbyter-man/main.go: 24 main.init.0"],"level":"error","message":"app.BindAndValid errs: Key: 'ActionRequest.UserId' Error:Field validation for 'UserId' failed on the 'required' tag,Key: 'ActionRequest.Token' Error:Field validation for 'Token' failed on the 'required' tag,Key: 'ActionRequest.VideoId' Error:Field validation for 'VideoId' failed on the 'required' tag,Key: 'ActionRequest.ActionType' Error:Field validation for 'ActionType' failed on the 'required' tag","time":1652793539421642800}
2022/05/17 21:20:19 {"callers":["F:/goproject/sbyter-man/main.go: 24 main.init.0"],"level":"error","message":"app.BindAndValid errs: Key: 'ActionRequest.UserId' Error:Field validation for 'UserId' failed on the 'required' tag,Key: 'ActionRequest.Token' Error:Field validation for 'Token' failed on the 'required' tag,Key: 'ActionRequest.VideoId' Error:Field validation for 'VideoId' failed on the 'required' tag,Key: 'ActionRequest.ActionType' Error:Field validation for 'ActionType' failed on the 'required' tag","time":1652793619538838000}
2022/05/17 21:22:54 {"callers":["F:/goproject/sbyter-man/main.go: 24 main.init.0"],"level":"error","message":"app.BindAndValid errs: Key: 'ActionRequest.UserId' Error:Field validation for 'UserId' failed on the 'required' tag,Key: 'ActionRequest.Token' Error:Field validation for 'Token' failed on the 'required' tag,Key: 'ActionRequest.VideoId' Error:Field validation for 'VideoId' failed on the 'required' tag,Key: 'ActionRequest.ActionType' Error:Field validation for 'ActionType' failed on the 'required' tag","time":1652793774972853600}
2022/05/17 21:24:05 {"callers":["F:/goproject/sbyter-man/main.go: 24 main.init.0"],"level":"error","message":"app.BindAndValid errs: Key: 'ActionRequest.UserId' Error:Field validation for 'UserId' failed on the 'required' tag,Key: 'ActionRequest.Token' Error:Field validation for 'Token' failed on the 'required' tag,Key: 'ActionRequest.VideoId' Error:Field validation for 'VideoId' failed on the 'required' tag,Key: 'ActionRequest.ActionType' Error:Field validation for 'ActionType' failed on the 'required' tag","time":1652793845766857600}
2022/05/17 21:24:49 {"callers":["F:/goproject/sbyter-man/main.go: 24 main.init.0"],"level":"error","message":"app.BindAndValid errs: Key: 'ActionRequest.UserId' Error:Field validation for 'UserId' failed on the 'required' tag,Key: 'ActionRequest.Token' Error:Field validation for 'Token' failed on the 'required' tag,Key: 'ActionRequest.VideoId' Error:Field validation for 'VideoId' failed on the 'required' tag,Key: 'ActionRequest.ActionType' Error:Field validation for 'ActionType' failed on the 'required' tag","time":1652793889200561300}
2022/05/17 21:25:58 {"callers":["F:/goproject/sbyter-man/main.go: 24 main.init.0"],"level":"error","message":"app.BindAndValid errs: Key: 'ActionRequest.UserId' Error:Field validation for 'UserId' failed on the 'required' tag,Key: 'ActionRequest.Token' Error:Field validation for 'Token' failed on the 'required' tag,Key: 'ActionRequest.VideoId' Error:Field validation for 'VideoId' failed on the 'required' tag,Key: 'ActionRequest.ActionType' Error:Field validation for 'ActionType' failed on the 'required' tag","time":1652793958142488600}
2022/05/17 21:26:35 {"callers":["F:/goproject/sbyter-man/main.go: 24 main.init.0"],"level":"error","message":"app.BindAndValid errs: Key: 'ActionRequest.UserId' Error:Field validation for 'UserId' failed on the 'required' tag,Key: 'ActionRequest.Token' Error:Field validation for 'Token' failed on the 'required' tag,Key: 'ActionRequest.VideoId' Error:Field validation for 'VideoId' failed on the 'required' tag,Key: 'ActionRequest.ActionType' Error:Field validation for 'ActionType' failed on the 'required' tag","time":1652793995758134900}
2022/05/17 21:26:40 {"callers":["F:/goproject/sbyter-man/main.go: 24 main.init.0"],"level":"error","message":"app.BindAndValid errs: Key: 'ActionRequest.VideoId' Error:Field validation for 'VideoId' failed on the 'required' tag,Key: 'ActionRequest.ActionType' Error:Field validation for 'ActionType' failed on the 'required' tag,Key: 'ActionRequest.UserId' Error:Field validation for 'UserId' failed on the 'required' tag,Key: 'ActionRequest.Token' Error:Field validation for 'Token' failed on the 'required' tag","time":1652794000797530000}
2022/05/17 21:27:16 {"callers":["F:/goproject/sbyter-man/main.go: 24 main.init.0"],"level":"error","message":"app.BindAndValid errs: Key: 'ActionRequest.UserId' Error:Field validation for 'UserId' failed on the 'required' tag,Key: 'ActionRequest.Token' Error:Field validation for 'Token' failed on the 'required' tag,Key: 'ActionRequest.VideoId' Error:Field validation for 'VideoId' failed on the 'required' tag,Key: 'ActionRequest.ActionType' Error:Field validation for 'ActionType' failed on the 'required' tag","time":1652794036227328400}
2022/05/17 21:27:23 {"callers":["F:/goproject/sbyter-man/main.go: 24 main.init.0"],"level":"error","message":"app.BindAndValid errs: Key: 'ActionRequest.VideoId' Error:Field validation for 'VideoId' failed on the 'required' tag,Key: 'ActionRequest.ActionType' Error:Field validation for 'ActionType' failed on the 'required' tag,Key: 'ActionRequest.UserId' Error:Field validation for 'UserId' failed on the 'required' tag,Key: 'ActionRequest.Token' Error:Field validation for 'Token' failed on the 'required' tag","time":1652794043727481800}
2022/05/17 21:27:33 {"callers":["F:/goproject/sbyter-man/main.go: 24 main.init.0"],"level":"error","message":"app.BindAndValid errs: Key: 'ActionRequest.UserId' Error:Field validation for 'UserId' failed on the 'required' tag,Key: 'ActionRequest.Token' Error:Field validation for 'Token' failed on the 'required' tag,Key: 'ActionRequest.VideoId' Error:Field validation for 'VideoId' failed on the 'required' tag,Key: 'ActionRequest.ActionType' Error:Field validation for 'ActionType' failed on the 'required' tag","time":1652794053266682700}
2022/05/17 21:29:57 {"callers":["F:/goproject/sbyter-man/main.go: 24 main.init.0"],"level":"error","message":"app.BindAndValid errs: Key: 'ActionRequest.Token' Error:Field validation for 'Token' failed on the 'required' tag,Key: 'ActionRequest.VideoId' Error:Field validation for 'VideoId' failed on the 'required' tag,Key: 'ActionRequest.ActionType' Error:Field validation for 'ActionType' failed on the 'required' tag,Key: 'ActionRequest.UserId' Error:Field validation for 'UserId' failed on the 'required' tag","time":1652794197554895300}
2022/05/17 21:30:03 {"callers":["F:/goproject/sbyter-man/main.go: 24 main.init.0"],"level":"error","message":"app.BindAndValid errs: Key: 'ActionRequest.VideoId' Error:Field validation for 'VideoId' failed on the 'required' tag,Key: 'ActionRequest.ActionType' Error:Field validation for 'ActionType' failed on the 'required' tag,Key: 'ActionRequest.UserId' Error:Field validation for 'UserId' failed on the 'required' tag,Key: 'ActionRequest.Token' Error:Field validation for 'Token' failed on the 'required' tag","time":1652794203732924700}
2022/05/17 21:30:44 {"callers":["F:/goproject/sbyter-man/main.go: 24 main.init.0"],"level":"error","message":"app.BindAndValid errs: Key: 'ActionRequest.UserId' Error:Field validation for 'UserId' failed on the 'required' tag,Key: 'ActionRequest.Token' Error:Field validation for 'Token' failed on the 'required' tag,Key: 'ActionRequest.VideoId' Error:Field validation for 'VideoId' failed on the 'required' tag,Key: 'ActionRequest.ActionType' Error:Field validation for 'ActionType' failed on the 'required' tag","time":1652794244152998000}
2022/05/17 21:34:26 {"callers":["F:/goproject/sbyter-man/main.go: 24 main.init.0"],"level":"error","message":"app.BindAndValid errs: Key: 'ActionRequest.ActionType' Error:Field validation for 'ActionType' failed on the 'required' tag,Key: 'ActionRequest.UserId' Error:Field validation for 'UserId' failed on the 'required' tag,Key: 'ActionRequest.Token' Error:Field validation for 'Token' failed on the 'required' tag,Key: 'ActionRequest.VideoId' Error:Field validation for 'VideoId' failed on the 'required' tag","time":1652794466077776600}
2022/05/17 21:34:55 {"callers":["F:/goproject/sbyter-man/main.go: 24 main.init.0"],"level":"error","message":"app.BindAndValid errs: Key: 'ActionRequest.ActionType' Error:Field validation for 'ActionType' failed on the 'required' tag,Key: 'ActionRequest.UserId' Error:Field validation for 'UserId' failed on the 'required' tag,Key: 'ActionRequest.Token' Error:Field validation for 'Token' failed on the 'required' tag,Key: 'ActionRequest.VideoId' Error:Field validation for 'VideoId' failed on the 'required' tag","time":1652794495263594600}
2022/05/17 21:37:49 {"callers":["F:/goproject/sbyter-man/main.go: 24 main.init.0"],"level":"error","message":"app.BindAndValid errs: ","time":1652794669145599000}
2022/05/17 21:38:13 {"callers":["F:/goproject/sbyter-man/main.go: 24 main.init.0"],"level":"error","message":"app.BindAndValid errs: ","time":1652794693101800000}
2022/05/17 21:38:44 {"callers":["F:/goproject/sbyter-man/main.go: 24 main.init.0"],"level":"error","message":"app.BindAndValid errs: ","time":1652794724716631200}
2022/05/17 21:38:52 {"callers":["F:/goproject/sbyter-man/main.go: 24 main.init.0"],"level":"error","message":"app.BindAndValid errs: Key: 'ActionRequest.UserId' Error:Field validation for 'UserId' failed on the 'required' tag,Key: 'ActionRequest.VideoId' Error:Field validation for 'VideoId' failed on the 'required' tag,Key: 'ActionRequest.ActionType' Error:Field validation for 'ActionType' failed on the 'required' tag","time":1652794732232537000}
2022/05/17 21:39:38 {"callers":["F:/goproject/sbyter-man/main.go: 24 main.init.0"],"level":"error","message":"app.BindAndValid errs: Key: 'ActionRequest.ActionType' Error:Field validation for 'ActionType' failed on the 'required' tag,Key: 'ActionRequest.UserId' Error:Field validation for 'UserId' failed on the 'required' tag,Key: 'ActionRequest.Token' Error:Field validation for 'Token' failed on the 'required' tag,Key: 'ActionRequest.VideoId' Error:Field validation for 'VideoId' failed on the 'required' tag","time":1652794778585617300}
2022/05/17 21:39:51 {"callers":["F:/goproject/sbyter-man/main.go: 24 main.init.0"],"level":"error","message":"app.BindAndValid errs: Key: 'ActionRequest.UserId' Error:Field validation for 'UserId' failed on the 'required' tag,Key: 'ActionRequest.VideoId' Error:Field validation for 'VideoId' failed on the 'required' tag,Key: 'ActionRequest.ActionType' Error:Field validation for 'ActionType' failed on the 'required' tag","time":1652794791168318500}
2022/05/17 21:50:25 {"callers":["F:/goproject/sbyter-man/main.go: 24 main.init.0"],"level":"error","message":"app.BindAndValid errs: Key: 'ActionRequest.UserId' Error:Field validation for 'UserId' failed on the 'required' tag,Key: 'ActionRequest.VideoId' Error:Field validation for 'VideoId' failed on the 'required' tag,Key: 'ActionRequest.ActionType' Error:Field validation for 'ActionType' failed on the 'required' tag","time":1652795425056619500}
2022/05/17 21:50:30 {"callers":["F:/goproject/sbyter-man/main.go: 24 main.init.0"],"level":"error","message":"app.BindAndValid errs: Key: 'ActionRequest.ActionType' Error:Field validation for 'ActionType' failed on the 'required' tag,Key: 'ActionRequest.UserId' Error:Field validation for 'UserId' failed on the 'required' tag,Key: 'ActionRequest.VideoId' Error:Field validation for 'VideoId' failed on the 'required' tag","time":1652795430441696800}
2022/05/17 21:55:08 {"callers":["F:/goproject/sbyter-man/main.go: 24 main.init.0"],"level":"error","message":"app.BindAndValid errs: Key: 'ActionRequest.ActionType' Error:Field validation for 'ActionType' failed on the 'required' tag,Key: 'ActionRequest.UserId' Error:Field validation for 'UserId' failed on the 'required' tag,Key: 'ActionRequest.VideoId' Error:Field validation for 'VideoId' failed on the 'required' tag","time":1652795708296358100}
2022/05/17 21:56:28 {"callers":["F:/goproject/sbyter-man/main.go: 24 main.init.0"],"level":"error","message":"CheckToken errs: 错误码：10000004, 错误信息：鉴权失败，Token错误","time":1652795788047600400}
2022/05/17 21:56:28 {"callers":["F:/goproject/sbyter-man/main.go: 24 main.init.0"],"level":"error","message":"app.ValidToken errs: 错误码：10010002, 错误信息：登录过期","time":1652795788070333000}
2022/05/17 21:58:04 {"callers":["F:/goproject/sbyter-man/main.go: 24 main.init.0"],"level":"error","message":"app.BindAndValid errs: ","time":1652795884671500000}
2022/05/17 21:58:08 {"callers":["F:/goproject/sbyter-man/main.go: 24 main.init.0"],"level":"error","message":"app.BindAndValid errs: ","time":1652795888162942100}
2022/05/17 21:58:12 {"callers":["F:/goproject/sbyter-man/main.go: 24 main.init.0"],"level":"error","message":"app.BindAndValid errs: Key: 'ActionRequest.Token' Error:Field validation for 'Token' failed on the 'required' tag","time":1652795892208737400}
2022/05/17 21:58:18 {"callers":["F:/goproject/sbyter-man/main.go: 24 main.init.0"],"level":"error","message":"app.BindAndValid errs: ","time":1652795898084653800}
2022/05/17 22:00:09 {"callers":["F:/goproject/sbyter-man/main.go: 24 main.init.0"],"level":"error","message":"app.BindAndValid errs: Key: 'ActionRequest.Token' Error:Field validation for 'Token' failed on the 'required' tag","time":1652796009552089200}
2022/05/17 22:03:25 {"callers":["F:/goproject/sbyter-man/main.go: 24 main.init.0"],"level":"error","message":"app.BindAndValid errs: ","time":1652796205153877500}
2022/05/17 22:03:43 {"callers":["F:/goproject/sbyter-man/main.go: 24 main.init.0"],"level":"error","message":"CheckToken errs: 错误码：10000004, 错误信息：鉴权失败，Token错误","time":1652796223927119300}
2022/05/17 22:03:43 {"callers":["F:/goproject/sbyter-man/main.go: 24 main.init.0"],"level":"error","message":"app.ValidToken errs: 错误码：10010002, 错误信息：登录过期","time":1652796223927119300}
2022/05/17 22:04:16 {"callers":["F:/goproject/sbyter-man/main.go: 24 main.init.0"],"level":"error","message":"app.BindAndValid errs: ","time":1652796256560936900}
2022/05/17 22:10:01 {"callers":["F:/goproject/sbyter-man/main.go: 24 main.init.0"],"level":"error","message":"app.BindAndValid errs: Key: 'ActionRequest.Token' Error:Field validation for 'Token' failed on the 'required' tag","time":1652796601028559100}
2022/05/17 22:11:42 {"callers":["F:/goproject/sbyter-man/main.go: 24 main.init.0"],"level":"error","message":"app.BindAndValid errs: ","time":1652796702346771900}
2022/05/17 22:13:21 {"callers":["F:/goproject/sbyter-man/main.go: 24 main.init.0"],"level":"error","message":"app.BindAndValid errs: ","time":1652796801690041300}
2022/05/17 22:15:47 {"callers":["F:/goproject/sbyter-man/main.go: 24 main.init.0"],"level":"error","message":"app.BindAndValid errs: ","time":1652796947848608200}
2022/05/17 22:19:52 {"callers":["F:/goproject/sbyter-man/main.go: 24 main.init.0"],"level":"error","message":"app.BindAndValid errs: Key: 'ActionRequest.Token' Error:Field validation for 'Token' failed on the 'required' tag","time":1652797192676401900}
2022/05/17 22:21:18 {"callers":["F:/goproject/sbyter-man/main.go: 24 main.init.0"],"level":"error","message":"app.BindAndValid errs: Key: 'ActionRequest.Token' Error:Field validation for 'Token' failed on the 'required' tag","time":1652797278585528900}
2022/05/17 22:21:20 {"callers":["F:/goproject/sbyter-man/main.go: 24 main.init.0"],"level":"error","message":"app.BindAndValid errs: Key: 'ActionRequest.Token' Error:Field validation for 'Token' failed on the 'required' tag","time":1652797280137280700}
2022/05/17 22:21:20 {"callers":["F:/goproject/sbyter-man/main.go: 24 main.init.0"],"level":"error","message":"app.BindAndValid errs: Key: 'ActionRequest.Token' Error:Field validation for 'Token' failed on the 'required' tag","time":1652797280619835500}
2022/05/17 22:21:49 {"callers":["F:/goproject/sbyter-man/main.go: 24 main.init.0"],"level":"error","message":"app.BindAndValid errs: Key: 'ActionRequest.Token' Error:Field validation for 'Token' failed on the 'required' tag","time":1652797309121996800}
2022/05/17 22:26:48 {"callers":["F:/goproject/sbyter-man/main.go: 24 main.init.0"],"level":"error","message":"app.BindAndValid errs: ","time":1652797608405547300}
2022/05/17 22:27:17 {"callers":["F:/goproject/sbyter-man/main.go: 24 main.init.0"],"level":"error","message":"app.BindAndValid errs: ","time":1652797637143907300}
2022/05/17 22:27:29 {"callers":["F:/goproject/sbyter-man/main.go: 24 main.init.0"],"level":"error","message":"CheckToken errs: 错误码：10000004, 错误信息：鉴权失败，Token错误","time":1652797649258514800}
2022/05/17 22:27:29 {"callers":["F:/goproject/sbyter-man/main.go: 24 main.init.0"],"level":"error","message":"app.ValidToken errs: 错误码：10010002, 错误信息：登录过期","time":1652797649258514800}
2022/05/17 22:29:25 {"callers":["F:/goproject/sbyter-man/main.go: 24 main.init.0"],"level":"error","message":"svc.Action err: dial tcp 124.223.44.108:6379: i/o timeout","time":1652797765510271400}
2022/05/17 22:29:32 {"callers":["F:/goproject/sbyter-man/main.go: 24 main.init.0"],"level":"error","message":"svc.Action err: dial tcp 124.223.44.108:6379: i/o timeout","time":1652797772439960200}
2022/05/17 22:33:09 {"callers":["F:/goproject/sbyter-man/main.go: 24 main.init.0"],"level":"error","message":"svc.Action err: dial tcp 124.223.44.108:6379: i/o timeout","time":1652797989538903200}
2022/05/17 22:35:21 {"callers":["F:/goproject/sbyter-man/main.go: 24 main.init.0"],"level":"error","message":"svc.Action err: dial tcp 172.31.245.171:6379: i/o timeout","time":1652798121651552600}
2022/05/17 22:40:59 {"callers":["F:/goproject/sbyter-man/main.go: 24 main.init.0"],"level":"error","message":"svc.Action err: dial tcp 124.223.44.108:6379: i/o timeout","time":1652798459711423500}
2022/05/17 22:48:19 {"callers":["F:/goproject/sbyter-man/main.go: 24 main.init.0"],"level":"error","message":"svc.Action err: dial tcp 124.223.44.108:6379: i/o timeout","time":1652798899548268100}
2022/05/17 22:54:50 {"callers":["F:/goproject/sbyter-man/main.go: 24 main.init.0"],"level":"error","message":"svc.Action err: dial tcp 124.223.44.108:6379: i/o timeout","time":1652799290497683600}
2022/05/17 23:01:05 {"callers":["F:/goproject/sbyter-man/main.go: 24 main.init.0"],"level":"error","message":"svc.Action err: dial tcp 124.223.44.108:6379: i/o timeout","time":1652799665159487000}
2022/05/18 11:03:10 {"callers":["F:/goproject/sbyter-man/main.go: 24 main.init.0"],"level":"error","message":"app.BindAndValid errs: Key: 'ActionRequest.VideoId' Error:Field validation for 'VideoId' failed on the 'required' tag","time":1652842990882396200}
2022/05/18 11:11:50 {"callers":["F:/goproject/sbyter-man/main.go: 24 main.init.0"],"level":"error","message":"svc.Login err: Error 1062: Duplicate entry '123456789' for key 'douyin_user.douyin_user_UN'","time":1652843510107927100}
2022/05/18 12:23:59 {"callers":["F:/goproject/sbyter-man/main.go: 24 main.init.0"],"level":"error","message":"svc.GetUserById err: strconv.ParseUint: parsing \"p\": invalid syntax","time":1652847839858489300}
2022/05/18 12:27:14 {"callers":["F:/goproject/sbyter-man/main.go: 24 main.init.0"],"level":"error","message":"svc.GetUserById err: strconv.ParseUint: parsing \"p\": invalid syntax","time":1652848034199287000}
2022/05/18 12:28:03 {"callers":["F:/goproject/sbyter-man/main.go: 24 main.init.0"],"level":"error","message":"svc.GetUserById err: strconv.ParseUint: parsing \"p\": invalid syntax","time":1652848083024813800}
2022/05/18 19:29:27 {"callers":["F:/goproject/sbyter-man/main.go: 24 main.init.0"],"level":"error","message":"CheckToken errs: 错误码：10000005, 错误信息：鉴权失败，Token超时","time":1652873367999481500}
2022/05/18 19:29:28 {"callers":["F:/goproject/sbyter-man/main.go: 24 main.init.0"],"level":"error","message":"app.ValidToken errs: 错误码：10010002, 错误信息：登录过期","time":1652873368021152800}
2022/05/18 19:30:05 {"callers":["F:/goproject/sbyter-man/main.go: 24 main.init.0"],"level":"error","message":"CheckToken errs: 错误码：10000005, 错误信息：鉴权失败，Token超时","time":1652873405011833800}
2022/05/18 19:30:05 {"callers":["F:/goproject/sbyter-man/main.go: 24 main.init.0"],"level":"error","message":"app.ValidToken errs: 错误码：10010002, 错误信息：登录过期","time":1652873405011833800}
2022/05/18 19:30:43 {"callers":["F:/goproject/sbyter-man/main.go: 24 main.init.0"],"level":"error","message":"svc.GetUserById err: strconv.ParseUint: parsing \"p\": invalid syntax","time":1652873443274947300}
2022/05/18 19:35:46 {"callers":["F:/goproject/sbyter-man/main.go: 24 main.init.0"],"level":"error","message":"svc.GetUserById err: strconv.ParseUint: parsing \"p\": invalid syntax","time":1652873746493187700}
2022/05/18 19:36:59 {"callers":["F:/goproject/sbyter-man/main.go: 24 main.init.0"],"level":"error","message":"svc.GetUserById err: strconv.ParseUint: parsing \"p\": invalid syntax","time":1652873819054118000}
2022/05/18 19:37:33 {"callers":["F:/goproject/sbyter-man/main.go: 24 main.init.0"],"level":"error","message":"svc.GetUserById err: strconv.ParseUint: parsing \"p\": invalid syntax","time":1652873853204931400}
2022/05/18 19:40:07 {"callers":["F:/goproject/sbyter-man/main.go: 24 main.init.0"],"level":"error","message":"svc.GetUserById err: strconv.ParseUint: parsing \"@\": invalid syntax","time":1652874007731495300}
2022/05/18 19:42:17 {"callers":["F:/goproject/sbyter-man/main.go: 24 main.init.0"],"level":"error","message":"svc.GetUserById err: strconv.ParseUint: parsing \"@\": invalid syntax","time":1652874137592174000}
2022/05/18 19:52:21 {"callers":["F:/goproject/sbyter-man/main.go: 24 main.init.0"],"level":"error","message":"svc.GetUserById err: strconv.ParseUint: parsing \"@\": invalid syntax","time":1652874741889633700}
2022/05/18 19:52:53 {"callers":["F:/goproject/sbyter-man/main.go: 24 main.init.0"],"level":"error","message":"svc.GetUserById err: strconv.ParseUint: parsing \"\\x00\": invalid syntax","time":1652874773089270300}
2022/05/18 19:53:58 {"callers":["F:/goproject/sbyter-man/main.go: 24 main.init.0"],"level":"error","message":"svc.GetUserById err: strconv.ParseUint: parsing \"\\x00\": invalid syntax","time":1652874838986117800}
2022/05/18 19:54:09 {"callers":["F:/goproject/sbyter-man/main.go: 24 main.init.0"],"level":"error","message":"svc.GetUserById err: strconv.ParseUint: parsing \"@\": invalid syntax","time":1652874849962629200}
2022/05/18 19:56:28 {"callers":["F:/goproject/sbyter-man/main.go: 24 main.init.0"],"level":"error","message":"svc.GetUserById err: strconv.ParseUint: parsing \"\\x01\": invalid syntax","time":1652874988400651900}
2022/05/18 19:56:45 {"callers":["F:/goproject/sbyter-man/main.go: 24 main.init.0"],"level":"error","message":"svc.GetUserById err: strconv.ParseUint: parsing \"\\x00\\x80\": invalid syntax","time":1652875005989838600}
